<?xml version="1.0" encoding="UTF-8"?>
<!-- Generated by org.testng.reporters.JUnitReportReporter -->
<testsuite skipped="0" hostname="IBM-Testing02" name="com.testcases.ModifyTheDetailsRTTC_005" tests="1" failures="0" timestamp="21 Jun 2019 06:50:41 GMT" time="31.629" errors="0">
  <testcase name="modifyDetails" time="31.629" classname="com.testcases.ModifyTheDetailsRTTC_005"/>
</testsuite> <!-- com.testcases.ModifyTheDetailsRTTC_005 -->
