<?xml version="1.0" encoding="UTF-8"?>
<!-- Generated by org.testng.reporters.JUnitReportReporter -->
<testsuite skipped="0" hostname="IBM-Testing02" name="com.testcases.LoginTestRTTC_002" tests="1" failures="0" timestamp="20 Jun 2019 18:15:33 GMT" time="32.522" errors="0">
  <testcase name="verifyUser" time="32.522" classname="com.testcases.LoginTestRTTC_002"/>
</testsuite> <!-- com.testcases.LoginTestRTTC_002 -->
