<?xml version="1.0" encoding="UTF-8"?>
<!-- Generated by org.testng.reporters.JUnitReportReporter -->
<testsuite skipped="0" hostname="IBM-Testing02" name="com.testcases.OrderDetailsVerificationRTTC_004" tests="1" failures="0" timestamp="21 Jun 2019 05:55:41 GMT" time="30.222" errors="0">
  <testcase name="verifyUser" time="30.222" classname="com.testcases.OrderDetailsVerificationRTTC_004"/>
</testsuite> <!-- com.testcases.OrderDetailsVerificationRTTC_004 -->
