<?xml version="1.0" encoding="UTF-8"?>
<!-- Generated by org.testng.reporters.JUnitReportReporter -->
<testsuite skipped="0" hostname="IBM-Testing02" name="com.testcases.ForgotPasswordRTTC_003" tests="1" failures="0" timestamp="21 Jun 2019 04:40:12 GMT" time="29.732" errors="0">
  <testcase name="verifyUser" time="29.732" classname="com.testcases.ForgotPasswordRTTC_003"/>
</testsuite> <!-- com.testcases.ForgotPasswordRTTC_003 -->
