<?xml version="1.0" encoding="UTF-8"?>
<!-- Generated by org.testng.reporters.JUnitReportReporter -->
<testsuite skipped="0" hostname="IBM-Testing02" name="com.testcases.RegistrationTestRTTC_001" tests="1" failures="0" timestamp="21 Jun 2019 03:26:11 GMT" time="23.779" errors="0">
  <testcase name="createUser" time="23.779" classname="com.testcases.RegistrationTestRTTC_001"/>
</testsuite> <!-- com.testcases.RegistrationTestRTTC_001 -->
