<?xml version="1.0" encoding="UTF-8"?>
<!-- Generated by org.testng.reporters.JUnitReportReporter -->
<testsuite skipped="0" hostname="IBM-Testing02" name="com.testcases.medium.AllowAdminToFilterDetailsRTTC_047" tests="1" failures="0" timestamp="24 Jun 2019 11:52:53 GMT" time="27.052" errors="0">
  <testcase name="verifyAdmin" time="27.052" classname="com.testcases.medium.AllowAdminToFilterDetailsRTTC_047"/>
</testsuite> <!-- com.testcases.medium.AllowAdminToFilterDetailsRTTC_047 -->
